INFO:root:2023-08-14 13:47:14.202270-07:00
INFO:root:----
INFO:root:2023-08-14 16:47:14.204719-04:00
INFO:root:----
INFO:root:2023-08-15 05:47:14.205735+09:00
INFO:root:----
INFO:root:2023-08-15 04:47:14.206728+08:00
INFO:root:----
INFO:root:2023-08-15 02:17:14.206728+05:30
INFO:root:----
INFO:root:2023-08-14 20:47:14.208105+00:00
INFO:root:----
INFO:root:2023-08-14 14:47:42.666067-07:00
INFO:root:----
INFO:root:2023-08-14 17:47:42.669115-04:00
INFO:root:----
INFO:root:2023-08-15 06:47:42.670115+09:00
INFO:root:----
INFO:root:2023-08-15 05:47:42.671116+08:00
INFO:root:----
INFO:root:2023-08-15 03:17:42.672114+05:30
INFO:root:----
INFO:root:2023-08-14 21:47:42.673117+00:00
INFO:root:----
INFO:root:2023-08-14 14:50:00-07:00
INFO:root:----
INFO:root:2023-08-14 17:50:00-04:00
INFO:root:----
INFO:root:2023-08-15 06:50:00+09:00
INFO:root:----
INFO:root:2023-08-15 05:50:00+08:00
INFO:root:----
INFO:root:2023-08-15 03:20:00+05:30
INFO:root:----
INFO:root:2023-08-14 21:50:00+00:00
INFO:root:----
INFO:root:2023-08-14 15:00:00-07:00
INFO:root:----
INFO:root:2023-08-14 18:00:00-04:00
INFO:root:----
INFO:root:2023-08-15 07:00:00+09:00
INFO:root:----
INFO:root:2023-08-15 06:00:00+08:00
INFO:root:----
INFO:root:2023-08-15 03:30:00+05:30
INFO:root:----
INFO:root:2023-08-14 22:00:00+00:00
INFO:root:----
INFO:root:2023-08-14 15:10:00-07:00
INFO:root:----
INFO:root:2023-08-14 18:10:00-04:00
INFO:root:----
INFO:root:2023-08-15 07:10:00+09:00
INFO:root:----
INFO:root:2023-08-15 06:10:00+08:00
INFO:root:----
INFO:root:2023-08-15 03:40:00+05:30
INFO:root:----
INFO:root:2023-08-14 22:10:00+00:00
INFO:root:----
INFO:root:2023-08-14 15:10:00-07:00
INFO:root:----
INFO:root:2023-08-14 18:10:00-04:00
INFO:root:----
INFO:root:2023-08-15 07:10:00+09:00
INFO:root:----
INFO:root:2023-08-15 06:10:00+08:00
INFO:root:----
INFO:root:2023-08-15 03:40:00+05:30
INFO:root:----
INFO:root:2023-08-14 22:10:00+00:00
INFO:root:----
INFO:root:2023-08-14 14:47:46.480780-07:00
INFO:root:----
INFO:root:2023-08-14 17:47:46.480780-04:00
INFO:root:----
INFO:root:2023-08-15 06:47:46.480780+09:00
INFO:root:----
INFO:root:2023-08-15 05:47:46.480780+08:00
INFO:root:----
INFO:root:2023-08-15 03:17:46.480780+05:30
INFO:root:----
INFO:root:2023-08-14 21:47:46.480780+00:00
INFO:root:----
INFO:root:2023-08-14 14:48:42.634454-07:00
INFO:root:----
INFO:root:2023-08-14 17:48:42.635452-04:00
INFO:root:----
INFO:root:2023-08-15 06:48:42.636451+09:00
INFO:root:----
INFO:root:2023-08-15 05:48:42.637456+08:00
INFO:root:----
INFO:root:2023-08-15 03:18:42.637456+05:30
INFO:root:----
INFO:root:2023-08-14 21:48:42.638453+00:00
INFO:root:----
